0 info it worked if it ends with ok
1 verbose cli [ 'C:\\Program Files\\nodejs\\\\node.exe',
1 verbose cli   'C:\\Program Files\\nodejs\\node_modules\\npm\\bin\\npm-cli.js',
1 verbose cli   'install',
1 verbose cli   'http-server',
1 verbose cli   '-g' ]
2 info using npm@1.4.28
3 info using node@v0.10.33
4 verbose node symlink C:\Program Files\nodejs\\node.exe
5 verbose cache add [ 'http-server', null ]
6 verbose cache add name=undefined spec="http-server" args=["http-server",null]
7 verbose parsed url { protocol: null,
7 verbose parsed url   slashes: null,
7 verbose parsed url   auth: null,
7 verbose parsed url   host: null,
7 verbose parsed url   port: null,
7 verbose parsed url   hostname: null,
7 verbose parsed url   hash: null,
7 verbose parsed url   search: null,
7 verbose parsed url   query: null,
7 verbose parsed url   pathname: 'http-server',
7 verbose parsed url   path: 'http-server',
7 verbose parsed url   href: 'http-server' }
8 silly lockFile ed608307-http-server http-server
9 verbose lock http-server C:\Users\Murani\AppData\Roaming\npm-cache\ed608307-http-server.lock
10 silly lockFile ed608307-http-server http-server
11 silly lockFile ed608307-http-server http-server
12 verbose addNamed [ 'http-server', '' ]
13 verbose addNamed [ null, '*' ]
14 silly lockFile 550353c6-http-server http-server@
15 verbose lock http-server@ C:\Users\Murani\AppData\Roaming\npm-cache\550353c6-http-server.lock
16 silly addNameRange { name: 'http-server', range: '*', hasData: false }
17 verbose request where is /http-server
18 verbose request registry https://registry.npmjs.org/
19 verbose request id fd0ef60a1612d6ab
20 verbose url raw /http-server
21 verbose url resolving [ 'https://registry.npmjs.org/', './http-server' ]
22 verbose url resolved https://registry.npmjs.org/http-server
23 verbose request where is https://registry.npmjs.org/http-server
24 info trying registry request attempt 1 at 10:46:40
25 http GET https://registry.npmjs.org/http-server
26 info retry will retry, error on last attempt: Error: getaddrinfo ENOTFOUND
27 info trying registry request attempt 2 at 10:46:51
28 http GET https://registry.npmjs.org/http-server
29 info retry will retry, error on last attempt: Error: getaddrinfo ENOTFOUND
30 info trying registry request attempt 3 at 10:47:51
31 http GET https://registry.npmjs.org/http-server
32 silly lockFile 550353c6-http-server http-server@
33 silly lockFile 550353c6-http-server http-server@
34 error network getaddrinfo ENOTFOUND
34 error network This is most likely not a problem with npm itself
34 error network and is related to network connectivity.
34 error network In most cases you are behind a proxy or have bad network settings.
34 error network
34 error network If you are behind a proxy, please make sure that the
34 error network 'proxy' config is set properly.  See: 'npm help config'
35 error System Windows_NT 6.2.9200
36 error command "C:\\Program Files\\nodejs\\\\node.exe" "C:\\Program Files\\nodejs\\node_modules\\npm\\bin\\npm-cli.js" "install" "http-server" "-g"
37 error cwd C:\Users\Murani\Documents\Projects\valuraha\sideprojects\velocity-graph
38 error node -v v0.10.33
39 error npm -v 1.4.28
40 error syscall getaddrinfo
41 error code ENOTFOUND
42 error errno ENOTFOUND
43 verbose exit [ 1, true ]
